<?xml version="1.0" encoding="UTF-8"?>
<!-- Generated by org.testng.reporters.JUnitReportReporter -->
<testsuite hostname="Ayas-MacBook-Pro.local" failures="0" tests="4" name="TestCases" time="4.364" errors="0" timestamp="2024-07-05T18:34:28 EET" skipped="0">
  <testcase classname="TestCases" name="postData" time="0.074"/>
  <testcase classname="TestCases" name="updateData" time="0.012"/>
  <testcase classname="TestCases" name="getData" time="4.272"/>
  <testcase classname="TestCases" name="deleteData" time="0.006"/>
</testsuite> <!-- TestCases -->
